[debug] [2023-10-12T23:01:05.873Z] ----------------------------------------------------------------------
[debug] [2023-10-12T23:01:05.876Z] Command:       C:\Program Files\nodejs\node.exe C:\Users\totoy\AppData\Roaming\npm\node_modules\firebase-tools\lib\bin\firebase.js init
[debug] [2023-10-12T23:01:05.877Z] CLI Version:   12.7.0
[debug] [2023-10-12T23:01:05.877Z] Platform:      win32
[debug] [2023-10-12T23:01:05.877Z] Node Version:  v18.16.1
[debug] [2023-10-12T23:01:05.879Z] Time:          Thu Oct 12 2023 20:01:05 GMT-0300 (hora estándar de Argentina)
[debug] [2023-10-12T23:01:05.879Z] ----------------------------------------------------------------------
[debug] 
[debug] [2023-10-12T23:01:05.891Z] > command requires scopes: ["email","openid","https://www.googleapis.com/auth/cloudplatformprojects.readonly","https://www.googleapis.com/auth/firebase","https://www.googleapis.com/auth/cloud-platform"]
[debug] [2023-10-12T23:01:05.891Z] > authorizing via signed-in user (zorrobrayan0@gmail.com)
[info] 
     ######## #### ########  ######## ########     ###     ######  ########
     ##        ##  ##     ## ##       ##     ##  ##   ##  ##       ##
     ######    ##  ########  ######   ########  #########  ######  ######
     ##        ##  ##    ##  ##       ##     ## ##     ##       ## ##
     ##       #### ##     ## ######## ########  ##     ##  ######  ########

You're about to initialize a Firebase project in this directory:

  E:\diplomatura\diplomatura full stack 3 materia\clase-13

[info] 
=== Project Setup
[info] 
[info] First, let's associate this project directory with a Firebase project.
[info] You can create multiple project aliases by running firebase use --add, 
[info] but for now we'll just set up a default project.
[info] 
